# JRE version: OpenJDK Runtime Environment (11.0.10) (build 11.0.10+0-b96-7249189)
# Java VM: OpenJDK 64-Bit Server VM (11.0.10+0-b96-7249189, mixed mode, tiered, compressed oops, g1 gc, windows-amd64)
Heap:
 garbage-first heap   total 345088K, used 280576K [0x0000000080000000, 0x0000000100000000)
  region size 1024K, 132 young (135168K), 8 survivors (8192K)
 Metaspace       used 124498K, capacity 127774K, committed 128120K, reserved 1161216K
  class space    used 15331K, capacity 16468K, committed 16588K, reserved 1048576K
GC Heap History (20 events):
Event: 263.452 GC heap after
{Heap after GC invocations=162 (full 0):
 garbage-first heap   total 334848K, used 122273K [0x0000000080000000, 0x0000000100000000)
  region size 1024K, 8 young (8192K), 8 survivors (8192K)
 Metaspace       used 116081K, capacity 118872K, committed 119032K, reserved 1153024K
  class space    used 14354K, capacity 15376K, committed 15436K, reserved 1048576K
}
Event: 264.781 GC heap before
{Heap before GC invocations=162 (full 0):
 garbage-first heap   total 334848K, used 285089K [0x0000000080000000, 0x0000000100000000)
  region size 1024K, 166 young (169984K), 8 survivors (8192K)
 Metaspace       used 116101K, capacity 118937K, committed 119032K, reserved 1153024K
  class space    used 14354K, capacity 15376K, committed 15436K, reserved 1048576K
}
Event: 264.789 GC heap after
{Heap after GC invocations=163 (full 0):
 garbage-first heap   total 334848K, used 116129K [0x0000000080000000, 0x0000000100000000)
  region size 1024K, 2 young (2048K), 2 survivors (2048K)
 Metaspace       used 116101K, capacity 118937K, committed 119032K, reserved 1153024K
  class space    used 14354K, capacity 15376K, committed 15436K, reserved 1048576K
}
Event: 266.052 GC heap before
{Heap before GC invocations=163 (full 0):
 garbage-first heap   total 334848K, used 282017K [0x0000000080000000, 0x0000000100000000)
  region size 1024K, 164 young (167936K), 2 survivors (2048K)
 Metaspace       used 116119K, capacity 118939K, committed 119032K, reserved 1153024K
  class space    used 14354K, capacity 15376K, committed 15436K, reserved 1048576K
}
Event: 266.058 GC heap after
{Heap after GC invocations=164 (full 0):
 garbage-first heap   total 334848K, used 115747K [0x0000000080000000, 0x0000000100000000)
  region size 1024K, 2 young (2048K), 2 survivors (2048K)
 Metaspace       used 116119K, capacity 118939K, committed 119032K, reserved 1153024K
  class space    used 14354K, capacity 15376K, committed 15436K, reserved 1048576K
}
Event: 267.628 GC heap before
{Heap before GC invocations=164 (full 0):
 garbage-first heap   total 334848K, used 282659K [0x0000000080000000, 0x0000000100000000)
  region size 1024K, 165 young (168960K), 2 survivors (2048K)
 Metaspace       used 116147K, capacity 118949K, committed 119032K, reserved 1153024K
  class space    used 14355K, capacity 15378K, committed 15436K, reserved 1048576K
}
Event: 267.645 GC heap after
{Heap after GC invocations=165 (full 0):
 garbage-first heap   total 334848K, used 119201K [0x0000000080000000, 0x0000000100000000)
  region size 1024K, 5 young (5120K), 5 survivors (5120K)
 Metaspace       used 116147K, capacity 118949K, committed 119032K, reserved 1153024K
  class space    used 14355K, capacity 15378K, committed 15436K, reserved 1048576K
}
Event: 270.176 GC heap before
{Heap before GC invocations=165 (full 0):
 garbage-first heap   total 334848K, used 284065K [0x0000000080000000, 0x0000000100000000)
  region size 1024K, 166 young (169984K), 5 survivors (5120K)
 Metaspace       used 116158K, capacity 118959K, committed 119032K, reserved 1153024K
  class space    used 14357K, capacity 15381K, committed 15436K, reserved 1048576K
}
Event: 270.189 GC heap after
{Heap after GC invocations=166 (full 0):
 garbage-first heap   total 334848K, used 118992K [0x0000000080000000, 0x0000000100000000)
  region size 1024K, 5 young (5120K), 5 survivors (5120K)
 Metaspace       used 116158K, capacity 118959K, committed 119032K, reserved 1153024K
  class space    used 14357K, capacity 15381K, committed 15436K, reserved 1048576K
}
Event: 271.252 GC heap before
{Heap before GC invocations=166 (full 0):
 garbage-first heap   total 334848K, used 285904K [0x0000000080000000, 0x0000000100000000)
  region size 1024K, 168 young (172032K), 5 survivors (5120K)
 Metaspace       used 116160K, capacity 118959K, committed 119032K, reserved 1153024K
  class space    used 14357K, capacity 15381K, committed 15436K, reserved 1048576K
}
Event: 271.262 GC heap after
{Heap after GC invocations=167 (full 0):
 garbage-first heap   total 334848K, used 118031K [0x0000000080000000, 0x0000000100000000)
  region size 1024K, 4 young (4096K), 4 survivors (4096K)
 Metaspace       used 116160K, capacity 118959K, committed 119032K, reserved 1153024K
  class space    used 14357K, capacity 15381K, committed 15436K, reserved 1048576K
}
Event: 276.931 GC heap before
{Heap before GC invocations=167 (full 0):
 garbage-first heap   total 334848K, used 286991K [0x0000000080000000, 0x0000000100000000)
  region size 1024K, 169 young (173056K), 4 survivors (4096K)
 Metaspace       used 116160K, capacity 118959K, committed 119032K, reserved 1153024K
  class space    used 14357K, capacity 15381K, committed 15436K, reserved 1048576K
}
Event: 276.950 GC heap after
{Heap after GC invocations=168 (full 0):
 garbage-first heap   total 334848K, used 117866K [0x0000000080000000, 0x0000000100000000)
  region size 1024K, 4 young (4096K), 4 survivors (4096K)
 Metaspace       used 116160K, capacity 118959K, committed 119032K, reserved 1153024K
  class space    used 14357K, capacity 15381K, committed 15436K, reserved 1048576K
}
Event: 289.697 GC heap before
{Heap before GC invocations=168 (full 0):
 garbage-first heap   total 334848K, used 160874K [0x0000000080000000, 0x0000000100000000)
  region size 1024K, 42 young (43008K), 4 survivors (4096K)
 Metaspace       used 116708K, capacity 119557K, committed 119672K, reserved 1153024K
  class space    used 14434K, capacity 15464K, committed 15564K, reserved 1048576K
}
Event: 289.767 GC heap after
{Heap after GC invocations=169 (full 0):
 garbage-first heap   total 334848K, used 123971K [0x0000000080000000, 0x0000000100000000)
  region size 1024K, 4 young (4096K), 4 survivors (4096K)
 Metaspace       used 116708K, capacity 119557K, committed 119672K, reserved 1153024K
  class space    used 14434K, capacity 15464K, committed 15564K, reserved 1048576K
}
Event: 299.917 GC heap before
{Heap before GC invocations=170 (full 0):
 garbage-first heap   total 334848K, used 299075K [0x0000000080000000, 0x0000000100000000)
  region size 1024K, 166 young (169984K), 4 survivors (4096K)
 Metaspace       used 117438K, capacity 120347K, committed 120440K, reserved 1155072K
  class space    used 14499K, capacity 15553K, committed 15564K, reserved 1048576K
}
Event: 300.237 GC heap after
{Heap after GC invocations=171 (full 0):
 garbage-first heap   total 345088K, used 166205K [0x0000000080000000, 0x0000000100000000)
  region size 1024K, 21 young (21504K), 21 survivors (21504K)
 Metaspace       used 117438K, capacity 120347K, committed 120440K, reserved 1155072K
  class space    used 14499K, capacity 15553K, committed 15564K, reserved 1048576K
}
Event: 300.301 GC heap before
{Heap before GC invocations=171 (full 0):
 garbage-first heap   total 345088K, used 167229K [0x0000000080000000, 0x0000000100000000)
  region size 1024K, 22 young (22528K), 21 survivors (21504K)
 Metaspace       used 117438K, capacity 120347K, committed 120440K, reserved 1155072K
  class space    used 14499K, capacity 15553K, committed 15564K, reserved 1048576K
}
Event: 300.461 GC heap after
{Heap after GC invocations=172 (full 0):
 garbage-first heap   total 345088K, used 146432K [0x0000000080000000, 0x0000000100000000)
  region size 1024K, 1 young (1024K), 1 survivors (1024K)
 Metaspace       used 117438K, capacity 120347K, committed 120440K, reserved 1155072K
  class space    used 14499K, capacity 15553K, committed 15564K, reserved 1048576K
}
Event: 523.669 GC heap before
{Heap before GC invocations=172 (full 0):
 garbage-first heap   total 345088K, used 279552K [0x0000000080000000, 0x0000000100000000)
  region size 1024K, 125 young (128000K), 1 survivors (1024K)
 Metaspace       used 124498K, capacity 127774K, committed 128120K, reserved 1161216K
  class space    used 15331K, capacity 16468K, committed 16588K, reserved 1048576K
}

