# JRE version: OpenJDK Runtime Environment (11.0.10) (build 11.0.10+0-b96-7249189)
# Java VM: OpenJDK 64-Bit Server VM (11.0.10+0-b96-7249189, mixed mode, tiered, compressed oops, g1 gc, windows-amd64)
Heap:
 garbage-first heap   total 92160K, used 61743K [0x0000000080000000, 0x0000000100000000)
  region size 1024K, 9 young (9216K), 2 survivors (2048K)
 Metaspace       used 69856K, capacity 71559K, committed 71680K, reserved 1112064K
  class space    used 9030K, capacity 9652K, committed 9728K, reserved 1048576K
GC Heap History (20 events):
Event: 34.669 GC heap before
{Heap before GC invocations=25 (full 0):
 garbage-first heap   total 76800K, used 59915K [0x0000000080000000, 0x0000000100000000)
  region size 1024K, 19 young (19456K), 2 survivors (2048K)
 Metaspace       used 56702K, capacity 58155K, committed 58496K, reserved 1099776K
  class space    used 7190K, capacity 7689K, committed 7808K, reserved 1048576K
}
Event: 34.680 GC heap after
{Heap after GC invocations=26 (full 0):
 garbage-first heap   total 76800K, used 44189K [0x0000000080000000, 0x0000000100000000)
  region size 1024K, 2 young (2048K), 2 survivors (2048K)
 Metaspace       used 56702K, capacity 58155K, committed 58496K, reserved 1099776K
  class space    used 7190K, capacity 7689K, committed 7808K, reserved 1048576K
}
Event: 35.519 GC heap before
{Heap before GC invocations=26 (full 0):
 garbage-first heap   total 76800K, used 61597K [0x0000000080000000, 0x0000000100000000)
  region size 1024K, 20 young (20480K), 2 survivors (2048K)
 Metaspace       used 59558K, capacity 61080K, committed 61440K, reserved 1101824K
  class space    used 7529K, capacity 8087K, committed 8192K, reserved 1048576K
}
Event: 35.535 GC heap after
{Heap after GC invocations=27 (full 0):
 garbage-first heap   total 76800K, used 47575K [0x0000000080000000, 0x0000000100000000)
  region size 1024K, 3 young (3072K), 3 survivors (3072K)
 Metaspace       used 59558K, capacity 61080K, committed 61440K, reserved 1101824K
  class space    used 7529K, capacity 8087K, committed 8192K, reserved 1048576K
}
Event: 36.471 GC heap before
{Heap before GC invocations=28 (full 0):
 garbage-first heap   total 76800K, used 62935K [0x0000000080000000, 0x0000000100000000)
  region size 1024K, 18 young (18432K), 3 survivors (3072K)
 Metaspace       used 60953K, capacity 62485K, committed 62592K, reserved 1103872K
  class space    used 7706K, capacity 8252K, committed 8320K, reserved 1048576K
}
Event: 36.486 GC heap after
{Heap after GC invocations=29 (full 0):
 garbage-first heap   total 76800K, used 48360K [0x0000000080000000, 0x0000000100000000)
  region size 1024K, 2 young (2048K), 2 survivors (2048K)
 Metaspace       used 60953K, capacity 62485K, committed 62592K, reserved 1103872K
  class space    used 7706K, capacity 8252K, committed 8320K, reserved 1048576K
}
Event: 37.079 GC heap before
{Heap before GC invocations=29 (full 0):
 garbage-first heap   total 76800K, used 62696K [0x0000000080000000, 0x0000000100000000)
  region size 1024K, 16 young (16384K), 2 survivors (2048K)
 Metaspace       used 62345K, capacity 63836K, committed 64000K, reserved 1105920K
  class space    used 7870K, capacity 8423K, committed 8448K, reserved 1048576K
}
Event: 37.087 GC heap after
{Heap after GC invocations=30 (full 0):
 garbage-first heap   total 76800K, used 49472K [0x0000000080000000, 0x0000000100000000)
  region size 1024K, 2 young (2048K), 2 survivors (2048K)
 Metaspace       used 62345K, capacity 63836K, committed 64000K, reserved 1105920K
  class space    used 7870K, capacity 8423K, committed 8448K, reserved 1048576K
}
Event: 37.492 GC heap before
{Heap before GC invocations=31 (full 0):
 garbage-first heap   total 76800K, used 53568K [0x0000000080000000, 0x0000000100000000)
  region size 1024K, 7 young (7168K), 2 survivors (2048K)
 Metaspace       used 62776K, capacity 64368K, committed 64640K, reserved 1105920K
  class space    used 7935K, capacity 8489K, committed 8576K, reserved 1048576K
}
Event: 37.499 GC heap after
{Heap after GC invocations=32 (full 0):
 garbage-first heap   total 76800K, used 49869K [0x0000000080000000, 0x0000000100000000)
  region size 1024K, 2 young (2048K), 2 survivors (2048K)
 Metaspace       used 62776K, capacity 64368K, committed 64640K, reserved 1105920K
  class space    used 7935K, capacity 8489K, committed 8576K, reserved 1048576K
}
Event: 38.277 GC heap before
{Heap before GC invocations=33 (full 0):
 garbage-first heap   total 76800K, used 64205K [0x0000000080000000, 0x0000000100000000)
  region size 1024K, 15 young (15360K), 2 survivors (2048K)
 Metaspace       used 63591K, capacity 65181K, committed 65280K, reserved 1105920K
  class space    used 8058K, capacity 8626K, committed 8704K, reserved 1048576K
}
Event: 38.286 GC heap after
{Heap after GC invocations=34 (full 0):
 garbage-first heap   total 76800K, used 50485K [0x0000000080000000, 0x0000000100000000)
  region size 1024K, 2 young (2048K), 2 survivors (2048K)
 Metaspace       used 63591K, capacity 65181K, committed 65280K, reserved 1105920K
  class space    used 8058K, capacity 8626K, committed 8704K, reserved 1048576K
}
Event: 38.546 GC heap before
{Heap before GC invocations=34 (full 0):
 garbage-first heap   total 76800K, used 62773K [0x0000000080000000, 0x0000000100000000)
  region size 1024K, 14 young (14336K), 2 survivors (2048K)
 Metaspace       used 63640K, capacity 65285K, committed 65536K, reserved 1105920K
  class space    used 8065K, capacity 8662K, committed 8704K, reserved 1048576K
}
Event: 38.558 GC heap after
{Heap after GC invocations=35 (full 0):
 garbage-first heap   total 92160K, used 51877K [0x0000000080000000, 0x0000000100000000)
  region size 1024K, 2 young (2048K), 2 survivors (2048K)
 Metaspace       used 63640K, capacity 65285K, committed 65536K, reserved 1105920K
  class space    used 8065K, capacity 8662K, committed 8704K, reserved 1048576K
}
Event: 39.714 GC heap before
{Heap before GC invocations=36 (full 0):
 garbage-first heap   total 92160K, used 72357K [0x0000000080000000, 0x0000000100000000)
  region size 1024K, 22 young (22528K), 2 survivors (2048K)
 Metaspace       used 65445K, capacity 66994K, committed 67072K, reserved 1107968K
  class space    used 8319K, capacity 8889K, committed 8960K, reserved 1048576K
}
Event: 39.730 GC heap after
{Heap after GC invocations=37 (full 0):
 garbage-first heap   total 92160K, used 53660K [0x0000000080000000, 0x0000000100000000)
  region size 1024K, 3 young (3072K), 3 survivors (3072K)
 Metaspace       used 65445K, capacity 66994K, committed 67072K, reserved 1107968K
  class space    used 8319K, capacity 8889K, committed 8960K, reserved 1048576K
}
Event: 40.635 GC heap before
{Heap before GC invocations=37 (full 0):
 garbage-first heap   total 92160K, used 67996K [0x0000000080000000, 0x0000000100000000)
  region size 1024K, 18 young (18432K), 3 survivors (3072K)
 Metaspace       used 67718K, capacity 69432K, committed 69504K, reserved 1110016K
  class space    used 8745K, capacity 9318K, committed 9344K, reserved 1048576K
}
Event: 40.651 GC heap after
{Heap after GC invocations=38 (full 0):
 garbage-first heap   total 92160K, used 54530K [0x0000000080000000, 0x0000000100000000)
  region size 1024K, 1 young (1024K), 1 survivors (1024K)
 Metaspace       used 67718K, capacity 69432K, committed 69504K, reserved 1110016K
  class space    used 8745K, capacity 9318K, committed 9344K, reserved 1048576K
}
Event: 41.680 GC heap before
{Heap before GC invocations=39 (full 0):
 garbage-first heap   total 92160K, used 72962K [0x0000000080000000, 0x0000000100000000)
  region size 1024K, 19 young (19456K), 1 survivors (1024K)
 Metaspace       used 69314K, capacity 71056K, committed 71296K, reserved 1112064K
  class space    used 8948K, capacity 9571K, committed 9600K, reserved 1048576K
}
Event: 41.692 GC heap after
{Heap after GC invocations=40 (full 0):
 garbage-first heap   total 92160K, used 55599K [0x0000000080000000, 0x0000000100000000)
  region size 1024K, 2 young (2048K), 2 survivors (2048K)
 Metaspace       used 69314K, capacity 71056K, committed 71296K, reserved 1112064K
  class space    used 8948K, capacity 9571K, committed 9600K, reserved 1048576K
}

